<?xml version="1.0" encoding="UTF-8"?>
<!-- Generated by org.testng.reporters.JUnitXMLReporter -->
<testsuite hostname="MDB22LT526" ignored="0" name="Command line test" tests="10" failures="0" timestamp="17 Feb 2020 05:09:40 GMT" time="38.035" errors="0">
  <testcase name="@BeforeMethod setup" time="0.0" classname="tests.CrossBrowserTest">
    <failure type="org.testng.TestNGException" message="
Parameter &amp;apos;browser&amp;apos; is required by BeforeMethod on method setup but has not been marked @Optional or defined
">
      <![CDATA[org.testng.TestNGException: 
Parameter 'browser' is required by BeforeMethod on method setup but has not been marked @Optional or defined

... Removed 35 stack frames]]>
    </failure>
  </testcase> <!-- @BeforeMethod setup -->
  <testcase name="@AfterMethod TearDown" time="0.0" classname="tests.CrossBrowserTest">
    <skipped/>
  </testcase> <!-- @AfterMethod TearDown -->
  <testcase name="CrossBrowserTestMethod" time="0.0" classname="tests.CrossBrowserTest">
    <skipped/>
  </testcase> <!-- CrossBrowserTestMethod -->
  <testcase name="testMethod1" time="8.397" classname="tests.ParallelTest"/>
  <testcase name="testMethod2" time="7.511" classname="tests.ParallelTest"/>
  <testcase name="testMethod3" time="7.629" classname="tests.ParallelTest"/>
  <testcase name="testMethod4" time="7.372" classname="tests.ParallelTest"/>
  <testcase name="testMethod5" time="7.087" classname="tests.ParallelTest"/>
  <testcase name="dataProviderTestMethod" time="0.0" classname="tests.DataProviderTest"/>
  <testcase name="dataProviderTestMethod" time="0.0" classname="tests.DataProviderTest"/>
  <testcase name="testcase1" time="0.0" classname="tests.TestNGAnnotations"/>
  <testcase name="testcase2" time="0.0" classname="tests.TestNGAnnotations"/>
</testsuite> <!-- Command line test -->
